#
# A fatal error has been detected by the Java Runtime Environment:
#
#  EXCEPTION_ACCESS_VIOLATION (0xc0000005) at pc=0x00007ff85fe2ab90, pid=11700, tid=0x00000000000023c8
#
# JRE version: Java(TM) SE Runtime Environment (8.0_231-b11) (build 1.8.0_231-b11)
# Java VM: Java HotSpot(TM) 64-Bit Server VM (25.231-b11 mixed mode windows-amd64 compressed oops)
# Problematic frame:
# C  [avformat-58.dll+0x16ab90]
#
# Failed to write core dump. Minidumps are not enabled by default on client versions of Windows
#
# If you would like to submit a bug report, please visit:
#   http://bugreport.java.com/bugreport/crash.jsp
# The crash happened outside the Java Virtual Machine in native code.
# See problematic frame for where to report the bug.
#

---------------  T H R E A D  ---------------

Current thread (0x00000000028f2800):  JavaThread "main" [_thread_in_native, id=9160, stack(0x00000000027f0000,0x00000000028f0000)]

siginfo: ExceptionCode=0xc0000005, reading address 0x0000000000000028

Registers:
RAX=0x0000000000000000, RBX=0x0000000017100548, RCX=0x0000000000000000, RDX=0x000000001a113f00
RSP=0x00000000028edbe0, RBP=0x00000000028eded0, RSI=0x0000000000200021, RDI=0x0000000000000000
R8 =0x00007ff860448f7d, R9 =0x0000000002708810, R10=0x0000000002a083db, R11=0x000000007797cf70
R12=0x000000001a113800, R13=0x0000000017100548, R14=0x00000000028edf90, R15=0x00000000028f2800
RIP=0x00007ff85fe2ab90, EFLAGS=0x0000000000010202

Top of Stack: (sp=0x00000000028edbe0)
0x00000000028edbe0:   000000000270eaa8 00000000020101a8
0x00000000028edbf0:   00000000028edc48 00000000028edba8
0x00000000028edc00:   0000000077d4dd78 000000000293b0b0
0x00000000028edc10:   0000000200000003 0000000000000032
0x00000000028edc20:   0000000017100548 00000000028f2800
0x00000000028edc30:   0000000100000003 00000000004c4b40
0x00000000028edc40:   000000000270e690 0000002800000002
0x00000000028edc50:   000000000270ea68 0000000000000000
0x00000000028edc60:   0000000000000000 00000000028f2800
0x00000000028edc70:   0000000017100548 00000000028f2800
0x00000000028edc80:   0000000077d38710 0000000000000000
0x00000000028edc90:   0000000000000000 ffffffffffffffea
0x00000000028edca0:   0000000000000000 0000000000000000
0x00000000028edcb0:   0000000000000000 0000000000000000
0x00000000028edcc0:   0000000000000000 0000000000000000
0x00000000028edcd0:   00000000028edc80 0000000002a513e0 

Instructions: (pc=0x00007ff85fe2ab90)
0x00007ff85fe2ab70:   24 2c 48 89 bc 24 80 00 00 00 89 44 24 78 49 8b
0x00007ff85fe2ab80:   84 24 68 04 00 00 48 89 44 24 58 49 8b 44 24 08
0x00007ff85fe2ab90:   48 8b 48 28 e8 3f c1 01 00 41 b9 01 00 00 00 4c
0x00007ff85fe2aba0:   8d 05 83 d6 61 00 4c 89 e1 48 8d 15 dd e3 61 00 


Register to memory mapping:

RAX=0x0000000000000000 is an unknown value
RBX={method} {0x0000000017100550} 'findStreamInfo' '(J)I' in 'jvl/FFmpeg/jni/AVFormatContext'
RCX=0x0000000000000000 is an unknown value
RDX=0x000000001a113f00 is an unknown value
RSP=0x00000000028edbe0 is pointing into the stack for thread: 0x00000000028f2800
RBP=0x00000000028eded0 is pointing into the stack for thread: 0x00000000028f2800
RSI=0x0000000000200021 is an unknown value
RDI=0x0000000000000000 is an unknown value
R8 =0x00007ff860448f7d is an unknown value
R9 =0x0000000002708810 is an unknown value
R10=0x0000000002a083db is at code_begin+891 in an Interpreter codelet
method entry point (kind = native)  [0x0000000002a08060, 0x0000000002a08a20]  2496 bytes
R11=0x000000007797cf70 is an unknown value
R12=0x000000001a113800 is an unknown value
R13={method} {0x0000000017100550} 'findStreamInfo' '(J)I' in 'jvl/FFmpeg/jni/AVFormatContext'
R14=0x00000000028edf90 is pointing into the stack for thread: 0x00000000028f2800
R15=0x00000000028f2800 is a thread


Stack: [0x00000000027f0000,0x00000000028f0000],  sp=0x00000000028edbe0,  free space=1014k
Native frames: (J=compiled Java code, j=interpreted, Vv=VM code, C=native code)
C  [avformat-58.dll+0x16ab90]
C  [libFFmpegJNIWrapper.dll+0x1e12]
C  0x0000000002a08407

Java frames: (J=compiled Java code, j=interpreted, Vv=VM code)
j  jvl.FFmpeg.jni.AVFormatContext.findStreamInfo(J)I+0
j  jvl.FFmpeg.jni.AVFormatContext.findStreamInfo()V+16
j  jvl.FFmpeg.jni.AVFormatContext.getNumberOfStreams()I+5
j  jvl.FFmpeg.jni.General.testFormatParsing()V+20
v  ~StubRoutines::call_stub
j  sun.reflect.NativeMethodAccessorImpl.invoke0(Ljava/lang/reflect/Method;Ljava/lang/Object;[Ljava/lang/Object;)Ljava/lang/Object;+0
j  sun.reflect.NativeMethodAccessorImpl.invoke(Ljava/lang/Object;[Ljava/lang/Object;)Ljava/lang/Object;+100
j  sun.reflect.DelegatingMethodAccessorImpl.invoke(Ljava/lang/Object;[Ljava/lang/Object;)Ljava/lang/Object;+6
j  java.lang.reflect.Method.invoke(Ljava/lang/Object;[Ljava/lang/Object;)Ljava/lang/Object;+56
j  org.junit.runners.model.FrameworkMethod$1.runReflectiveCall()Ljava/lang/Object;+15
j  org.junit.internal.runners.model.ReflectiveCallable.run()Ljava/lang/Object;+1
j  org.junit.runners.model.FrameworkMethod.invokeExplosively(Ljava/lang/Object;[Ljava/lang/Object;)Ljava/lang/Object;+10
j  org.junit.internal.runners.statements.InvokeMethod.evaluate()V+12
j  org.junit.internal.runners.statements.RunBefores.evaluate()V+49
j  org.junit.internal.runners.statements.RunAfters.evaluate()V+12
j  org.junit.runners.ParentRunner.runLeaf(Lorg/junit/runners/model/Statement;Lorg/junit/runner/Description;Lorg/junit/runner/notification/RunNotifier;)V+17
j  org.junit.runners.BlockJUnit4ClassRunner.runChild(Lorg/junit/runners/model/FrameworkMethod;Lorg/junit/runner/notification/RunNotifier;)V+30
j  org.junit.runners.BlockJUnit4ClassRunner.runChild(Ljava/lang/Object;Lorg/junit/runner/notification/RunNotifier;)V+6
j  org.junit.runners.ParentRunner$3.run()V+12
j  org.junit.runners.ParentRunner$1.schedule(Ljava/lang/Runnable;)V+1
j  org.junit.runners.ParentRunner.runChildren(Lorg/junit/runner/notification/RunNotifier;)V+44
j  org.junit.runners.ParentRunner.access$000(Lorg/junit/runners/ParentRunner;Lorg/junit/runner/notification/RunNotifier;)V+2
j  org.junit.runners.ParentRunner$2.evaluate()V+8
j  org.junit.internal.runners.statements.RunBefores.evaluate()V+49
j  org.junit.internal.runners.statements.RunAfters.evaluate()V+12
j  org.junit.runners.ParentRunner.run(Lorg/junit/runner/notification/RunNotifier;)V+20
j  org.apache.tools.ant.taskdefs.optional.junit.JUnit4TestMethodAdapter.run(Ljunit/framework/TestResult;)V+12
j  org.apache.tools.ant.taskdefs.optional.junit.JUnitTestRunner.run()V+702
j  org.apache.tools.ant.taskdefs.optional.junit.JUnitTestRunner.launch(Lorg/apache/tools/ant/taskdefs/optional/junit/JUnitTest;[Ljava/lang/String;ZZZZZZ)I+41
j  org.apache.tools.ant.taskdefs.optional.junit.JUnitTestRunner.main([Ljava/lang/String;)V+1016
v  ~StubRoutines::call_stub

---------------  P R O C E S S  ---------------

Java Threads: ( => current thread )
  0x0000000018f91800 JavaThread "Service Thread" daemon [_thread_blocked, id=5892, stack(0x0000000019370000,0x0000000019470000)]
  0x000000001761b800 JavaThread "C1 CompilerThread2" daemon [_thread_blocked, id=11812, stack(0x0000000018e70000,0x0000000018f70000)]
  0x0000000017616000 JavaThread "C2 CompilerThread1" daemon [_thread_blocked, id=12752, stack(0x0000000018d70000,0x0000000018e70000)]
  0x000000001760e000 JavaThread "C2 CompilerThread0" daemon [_thread_blocked, id=9052, stack(0x0000000018c70000,0x0000000018d70000)]
  0x000000001760c800 JavaThread "Attach Listener" daemon [_thread_blocked, id=6360, stack(0x0000000018b70000,0x0000000018c70000)]
  0x000000001760b000 JavaThread "Signal Dispatcher" daemon [_thread_blocked, id=9412, stack(0x0000000018a70000,0x0000000018b70000)]
  0x00000000029eb000 JavaThread "Finalizer" daemon [_thread_blocked, id=11740, stack(0x0000000018870000,0x0000000018970000)]
  0x00000000029e2000 JavaThread "Reference Handler" daemon [_thread_blocked, id=5620, stack(0x0000000018770000,0x0000000018870000)]
=>0x00000000028f2800 JavaThread "main" [_thread_in_native, id=9160, stack(0x00000000027f0000,0x00000000028f0000)]

Other Threads:
  0x00000000175d7000 VMThread [stack: 0x0000000018670000,0x0000000018770000] [id=8204]
  0x0000000018fb2000 WatcherThread [stack: 0x0000000019470000,0x0000000019570000] [id=5584]

VM state:not at safepoint (normal execution)

VM Mutex/Monitor currently owned by a thread: None

heap address: 0x0000000080000000, size: 2048 MB, Compressed Oops mode: 32-bit
Narrow klass base: 0x0000000000000000, Narrow klass shift: 3
Compressed class space size: 1073741824 Address: 0x0000000100000000

Heap:
 PSYoungGen      total 38400K, used 6667K [0x00000000d5580000, 0x00000000d8000000, 0x0000000100000000)
  eden space 33280K, 20% used [0x00000000d5580000,0x00000000d5c02f30,0x00000000d7600000)
  from space 5120K, 0% used [0x00000000d7b00000,0x00000000d7b00000,0x00000000d8000000)
  to   space 5120K, 0% used [0x00000000d7600000,0x00000000d7600000,0x00000000d7b00000)
 ParOldGen       total 87552K, used 0K [0x0000000080000000, 0x0000000085580000, 0x00000000d5580000)
  object space 87552K, 0% used [0x0000000080000000,0x0000000080000000,0x0000000085580000)
 Metaspace       used 6187K, capacity 6292K, committed 6400K, reserved 1056768K
  class space    used 701K, capacity 720K, committed 768K, reserved 1048576K

Card table byte_map: [0x0000000011db0000,0x00000000121c0000] byte_map_base: 0x00000000119b0000

Marking Bits: (ParMarkBitMap*) 0x0000000077f76d90
 Begin Bits: [0x0000000012870000, 0x0000000014870000)
 End Bits:   [0x0000000014870000, 0x0000000016870000)

Polling page: 0x00000000009a0000

CodeCache: size=245760Kb used=1907Kb max_used=1907Kb free=243852Kb
 bounds [0x00000000029f0000, 0x0000000002c60000, 0x00000000119f0000]
 total_blobs=645 nmethods=345 adapters=215
 compilation: enabled

Compilation events (10 events):
Event: 0.443 Thread 0x000000001760e000  341       4       java.lang.String::<init> (82 bytes)
Event: 0.446 Thread 0x000000001761b800  342  s    1       java.util.Vector::size (5 bytes)
Event: 0.446 Thread 0x000000001761b800 nmethod 342 0x0000000002bcc350 code [0x0000000002bcc4a0, 0x0000000002bcc710]
Event: 0.447 Thread 0x000000001760e000 nmethod 341 0x0000000002bca790 code [0x0000000002bca8e0, 0x0000000002bcabf8]
Event: 0.447 Thread 0x000000001761b800  343       3       java.io.WinNTFileSystem::resolve (231 bytes)
Event: 0.450 Thread 0x000000001761b800 nmethod 343 0x0000000002bce6d0 code [0x0000000002bce9a0, 0x0000000002bd0228]
Event: 0.453 Thread 0x000000001761b800  344       3       java.lang.String::substring (56 bytes)
Event: 0.453 Thread 0x000000001761b800 nmethod 344 0x0000000002bca0d0 code [0x0000000002bca260, 0x0000000002bca608]
Event: 0.498 Thread 0x000000001761b800  345   !   3       java.lang.ref.Finalizer::add (41 bytes)
Event: 0.498 Thread 0x000000001761b800 nmethod 345 0x0000000002bcbd10 code [0x0000000002bcbe80, 0x0000000002bcc230]

GC Heap History (0 events):
No events

Deoptimization events (0 events):
No events

Classes redefined (0 events):
No events

Internal exceptions (6 events):
Event: 0.040 Thread 0x00000000028f2800 Exception <a 'java/lang/NoSuchMethodError': Method sun.misc.Unsafe.defineClass(Ljava/lang/String;[BII)Ljava/lang/Class; name or signature does not match> (0x00000000d5587cb8) thrown at [C:\re\workspace\8-2-build-windows-amd64-cygwin\jdk8u231\13620\hotspot
Event: 0.040 Thread 0x00000000028f2800 Exception <a 'java/lang/NoSuchMethodError': Method sun.misc.Unsafe.prefetchRead(Ljava/lang/Object;J)V name or signature does not match> (0x00000000d5587fa0) thrown at [C:\re\workspace\8-2-build-windows-amd64-cygwin\jdk8u231\13620\hotspot\src\share\vm\prim
Event: 0.206 Thread 0x00000000028f2800 Exception <a 'java/security/PrivilegedActionException'> (0x00000000d582c0f0) thrown at [C:\re\workspace\8-2-build-windows-amd64-cygwin\jdk8u231\13620\hotspot\src\share\vm\prims\jvm.cpp, line 1502]
Event: 0.206 Thread 0x00000000028f2800 Exception <a 'java/security/PrivilegedActionException'> (0x00000000d582c4e8) thrown at [C:\re\workspace\8-2-build-windows-amd64-cygwin\jdk8u231\13620\hotspot\src\share\vm\prims\jvm.cpp, line 1502]
Event: 0.207 Thread 0x00000000028f2800 Exception <a 'java/security/PrivilegedActionException'> (0x00000000d58307c8) thrown at [C:\re\workspace\8-2-build-windows-amd64-cygwin\jdk8u231\13620\hotspot\src\share\vm\prims\jvm.cpp, line 1502]
Event: 0.207 Thread 0x00000000028f2800 Exception <a 'java/security/PrivilegedActionException'> (0x00000000d5830bc0) thrown at [C:\re\workspace\8-2-build-windows-amd64-cygwin\jdk8u231\13620\hotspot\src\share\vm\prims\jvm.cpp, line 1502]

Events (10 events):
Event: 0.440 loading class jvl/FFmpeg/jni/AVFormatContext
Event: 0.440 loading class jvl/FFmpeg/jni/AVFormatContext done
Event: 0.442 loading class jvl/FFmpeg/jni/AbstractJNIObject
Event: 0.442 loading class jvl/FFmpeg/jni/AbstractJNIObject done
Event: 0.443 loading class java/lang/IndexOutOfBoundsException
Event: 0.443 loading class java/lang/IndexOutOfBoundsException done
Event: 0.443 loading class jvl/FFmpeg/jni/Global
Event: 0.443 loading class jvl/FFmpeg/jni/Global done
Event: 0.444 loading class java/lang/ClassLoaderHelper
Event: 0.444 loading class java/lang/ClassLoaderHelper done


Dynamic libraries:
0x00007ff629820000 - 0x00007ff629857000 	C:\Program Files\Java\jdk1.8.0_231\jre\bin\java.exe
0x00007ff890f60000 - 0x00007ff891150000 	C:\Windows\SYSTEM32\ntdll.dll
0x00007ff890cc0000 - 0x00007ff890d72000 	C:\Windows\System32\KERNEL32.DLL
0x00007ff88dee0000 - 0x00007ff88e184000 	C:\Windows\System32\KERNELBASE.dll
0x00007ff890980000 - 0x00007ff890a23000 	C:\Windows\System32\ADVAPI32.dll
0x00007ff8901f0000 - 0x00007ff89028e000 	C:\Windows\System32\msvcrt.dll
0x00007ff890b00000 - 0x00007ff890b97000 	C:\Windows\System32\sechost.dll
0x00007ff890ba0000 - 0x00007ff890cc0000 	C:\Windows\System32\RPCRT4.dll
0x00007ff8906a0000 - 0x00007ff890834000 	C:\Windows\System32\USER32.dll
0x00007ff88e390000 - 0x00007ff88e3b1000 	C:\Windows\System32\win32u.dll
0x00007ff890e60000 - 0x00007ff890e86000 	C:\Windows\System32\GDI32.dll
0x00007ff88ee20000 - 0x00007ff88efb6000 	C:\Windows\System32\gdi32full.dll
0x00007ff88e4c0000 - 0x00007ff88e55e000 	C:\Windows\System32\msvcp_win.dll
0x00007ff88e3c0000 - 0x00007ff88e4ba000 	C:\Windows\System32\ucrtbase.dll
0x00007ff878ba0000 - 0x00007ff878e24000 	C:\Windows\WinSxS\amd64_microsoft.windows.common-controls_6595b64144ccf1df_6.0.18362.959_none_e6c7bbbf130c62bb\COMCTL32.dll
0x00007ff890360000 - 0x00007ff890695000 	C:\Windows\System32\combase.dll
0x00007ff88e310000 - 0x00007ff88e390000 	C:\Windows\System32\bcryptPrimitives.dll
0x00007ff8901c0000 - 0x00007ff8901ee000 	C:\Windows\System32\IMM32.DLL
0x0000000050120000 - 0x00000000501f2000 	C:\Program Files\Java\jdk1.8.0_231\jre\bin\msvcr100.dll
0x0000000077750000 - 0x0000000077ff6000 	C:\Program Files\Java\jdk1.8.0_231\jre\bin\server\jvm.dll
0x00007ff8908c0000 - 0x00007ff8908c8000 	C:\Windows\System32\PSAPI.DLL
0x00007ff85b8d0000 - 0x00007ff85b8d9000 	C:\Windows\SYSTEM32\WSOCK32.dll
0x00007ff883080000 - 0x00007ff8830a4000 	C:\Windows\SYSTEM32\WINMM.dll
0x00007ff887760000 - 0x00007ff88776a000 	C:\Windows\SYSTEM32\VERSION.dll
0x00007ff88f480000 - 0x00007ff88f4ef000 	C:\Windows\System32\WS2_32.dll
0x00007ff882d60000 - 0x00007ff882d8d000 	C:\Windows\SYSTEM32\WINMMBASE.dll
0x00007ff88efc0000 - 0x00007ff88f00a000 	C:\Windows\System32\cfgmgr32.dll
0x00007ff881960000 - 0x00007ff88196f000 	C:\Program Files\Java\jdk1.8.0_231\jre\bin\verify.dll
0x00007ff8753f0000 - 0x00007ff875419000 	C:\Program Files\Java\jdk1.8.0_231\jre\bin\java.dll
0x00007ff87da90000 - 0x00007ff87daa6000 	C:\Program Files\Java\jdk1.8.0_231\jre\bin\zip.dll
0x00007ff88f4f0000 - 0x00007ff88fbd6000 	C:\Windows\System32\SHELL32.dll
0x00007ff88ffd0000 - 0x00007ff890079000 	C:\Windows\System32\shcore.dll
0x00007ff88e670000 - 0x00007ff88edf2000 	C:\Windows\System32\windows.storage.dll
0x00007ff88de20000 - 0x00007ff88de43000 	C:\Windows\System32\profapi.dll
0x00007ff88de90000 - 0x00007ff88deda000 	C:\Windows\System32\powrprof.dll
0x00007ff88de10000 - 0x00007ff88de20000 	C:\Windows\System32\UMPDC.dll
0x00007ff890300000 - 0x00007ff890352000 	C:\Windows\System32\shlwapi.dll
0x00007ff88de50000 - 0x00007ff88de61000 	C:\Windows\System32\kernel.appcore.dll
0x00007ff88ee00000 - 0x00007ff88ee17000 	C:\Windows\System32\cryptsp.dll
0x00007ff87bfd0000 - 0x00007ff87bfea000 	C:\Program Files\Java\jdk1.8.0_231\jre\bin\net.dll
0x00007ff88d620000 - 0x00007ff88d687000 	C:\Windows\system32\mswsock.dll
0x00007ff886050000 - 0x00007ff886066000 	C:\Windows\system32\napinsp.dll
0x00007ff886080000 - 0x00007ff88609a000 	C:\Windows\system32\pnrpnsp.dll
0x00007ff88d3c0000 - 0x00007ff88d48b000 	C:\Windows\SYSTEM32\DNSAPI.dll
0x00007ff890e90000 - 0x00007ff890e98000 	C:\Windows\System32\NSI.dll
0x00007ff88d330000 - 0x00007ff88d36a000 	C:\Windows\SYSTEM32\IPHLPAPI.DLL
0x00007ff886070000 - 0x00007ff88607e000 	C:\Windows\System32\winrnr.dll
0x00007ff888ef0000 - 0x00007ff888f0c000 	C:\Windows\system32\NLAapi.dll
0x00007ff886350000 - 0x00007ff886365000 	C:\Windows\system32\wshbth.dll
0x00007ff888890000 - 0x00007ff88889a000 	C:\Windows\System32\rasadhlp.dll
0x00007ff88a850000 - 0x00007ff88a8c7000 	C:\Windows\System32\fwpuclnt.dll
0x00007ff88e190000 - 0x00007ff88e1b6000 	C:\Windows\System32\bcrypt.dll
0x00007ff863b90000 - 0x00007ff863ce9000 	C:\Users\jvl711.CORE\Documents\code\git_convert\JavaFFmpegLibrary\JavaFFmpeg\Libraries\FFmpegJNIWrapperWin64\avutil-56.dll
0x00007ff8708c0000 - 0x00007ff870966000 	C:\Users\jvl711.CORE\Documents\code\git_convert\JavaFFmpegLibrary\JavaFFmpeg\Libraries\FFmpegJNIWrapperWin64\swresample-3.dll
0x00007ff874850000 - 0x00007ff8748e6000 	C:\Users\jvl711.CORE\Documents\code\git_convert\JavaFFmpegLibrary\JavaFFmpeg\Libraries\FFmpegJNIWrapperWin64\swscale-5.dll
0x00007ff860710000 - 0x00007ff863b83000 	C:\Users\jvl711.CORE\Documents\code\git_convert\JavaFFmpegLibrary\JavaFFmpeg\Libraries\FFmpegJNIWrapperWin64\avcodec-58.dll
0x00007ff88fdf0000 - 0x00007ff88ff47000 	C:\Windows\System32\ole32.dll
0x00007ff88d190000 - 0x00007ff88d1c3000 	C:\Windows\system32\rsaenh.dll
0x00007ff88d7f0000 - 0x00007ff88d7fc000 	C:\Windows\SYSTEM32\CRYPTBASE.dll
0x00007ff85fcc0000 - 0x00007ff860702000 	C:\Users\jvl711.CORE\Documents\code\git_convert\JavaFFmpegLibrary\JavaFFmpeg\Libraries\FFmpegJNIWrapperWin64\avformat-58.dll
0x00007ff88e1c0000 - 0x00007ff88e309000 	C:\Windows\System32\CRYPT32.dll
0x00007ff88de70000 - 0x00007ff88de82000 	C:\Windows\System32\MSASN1.dll
0x00007ff88d8f0000 - 0x00007ff88d916000 	C:\Windows\SYSTEM32\ncrypt.dll
0x00007ff88d8b0000 - 0x00007ff88d8eb000 	C:\Windows\SYSTEM32\NTASN1.dll
0x00007ff875d80000 - 0x00007ff875dac000 	C:\Users\jvl711.CORE\Documents\code\git_convert\JavaFFmpegLibrary\JavaFFmpeg\Libraries\FFmpegJNIWrapperWin64\postproc-55.dll
0x00007ff85f530000 - 0x00007ff85fcb5000 	C:\Users\jvl711.CORE\Documents\code\git_convert\JavaFFmpegLibrary\JavaFFmpeg\Libraries\FFmpegJNIWrapperWin64\avfilter-7.dll
0x00007ff85f280000 - 0x00007ff85f526000 	C:\Users\jvl711.CORE\Documents\code\git_convert\JavaFFmpegLibrary\JavaFFmpeg\Libraries\FFmpegJNIWrapperWin64\avdevice-58.dll
0x00007ff890a30000 - 0x00007ff890af5000 	C:\Windows\System32\OLEAUT32.dll
0x00007ff87c120000 - 0x00007ff87c138000 	C:\Windows\SYSTEM32\AVICAP32.dll
0x00007ff8751b0000 - 0x00007ff8751d9000 	C:\Windows\SYSTEM32\MSVFW32.dll
0x0000000068340000 - 0x00000000683b8000 	C:\Users\jvl711.CORE\Documents\code\git_convert\JavaFFmpegLibrary\JavaFFmpeg\Libraries\FFmpegJNIWrapperWin64\libFFmpegJNIWrapper.dll
0x00007ff887c90000 - 0x00007ff887e84000 	C:\Windows\SYSTEM32\dbghelp.dll

VM Arguments:
jvm_args: -ea -Djava.library.path=libraries/FFmpegJNIWrapperWin64 
java_command: org.apache.tools.ant.taskdefs.optional.junit.JUnitTestRunner jvl.FFmpeg.jni.General methods=testFormatParsing skipNonTests=false filtertrace=true haltOnError=false haltOnFailure=false showoutput=true outputtoformatters=true logfailedtests=true threadid=0 logtestlistenerevents=true formatter=org.apache.tools.ant.taskdefs.optional.junit.BriefJUnitResultFormatter formatter=org.apache.tools.ant.taskdefs.optional.junit.XMLJUnitResultFormatter,C:\Users\jvl711.CORE\Documents\code\git_convert\JavaFFmpegLibrary\JavaFFmpeg\build\test\results\TEST-jvl.FFmpeg.jni.General.xml crashfile=C:\Users\jvl711.CORE\Documents\code\git_convert\JavaFFmpegLibrary\JavaFFmpeg\build\junitvmwatcher8701536237521205285.properties propsfile=C:\Users\jvl711.CORE\Documents\code\git_convert\JavaFFmpegLibrary\JavaFFmpeg\build\junit3594964761353204303.properties
java_class_path (initial): C:\Users\jvl711.CORE\Documents\code\git_convert\JavaFFmpegLibrary\JavaFFmpeg\build\classes;C:\Program Files\NetBeans 8.2\platform\modules\ext\junit-4.12.jar;C:\Program Files\NetBeans 8.2\platform\modules\ext\hamcrest-core-1.3.jar;C:\Users\jvl711.CORE\Documents\code\git_convert\JavaFFmpegLibrary\JavaFFmpeg\build\test\classes;C:\Program Files\NetBeans 8.2\extide\ant\lib\ant-launcher.jar;C:\Program Files\NetBeans 8.2\extide\ant\lib\ant.jar;C:\Program Files\NetBeans 8.2\extide\ant\lib\ant-junit.jar;C:\Program Files\NetBeans 8.2\extide\ant\lib\ant-junit4.jar
Launcher Type: SUN_STANDARD

Environment Variables:
PATH=C:\Program Files (x86)\Common Files\Oracle\Java\javapath;C:\Windows\system32;C:\Windows;C:\Windows\System32\Wbem;C:\Windows\System32\WindowsPowerShell\v1.0\;C:\Windows\System32\OpenSSH\;C:\MinGW\msys\1.0\bin;S:\PortableGit\bin;S:\apache-ant-1.9.8\bin;S:\Apache-Subversion-1.9.5\bin;C:\Program Files (x86)\Common Files\Oracle\Java\javapath;C:\Windows\system32;C:\Windows;C:\Windows\System32\Wbem;C:\Windows\System32\WindowsPowerShell\v1.0\;C:\Windows\System32\OpenSSH\;C:\MinGW\msys\1.0\bin;S:\PortableGit\bin;S:\apache-ant-1.9.8\bin;S:\Apache-Subversion-1.9.5\bin;C:\Users\jvl711.CORE\AppData\Local\Microsoft\WindowsApps;C:\Users\jvl711.CORE\AppData\Local\Android\Sdk\platform-tools;;C:\MinGW\mingw64\bin"
USERNAME=jvl711
OS=Windows_NT
PROCESSOR_IDENTIFIER=Intel64 Family 6 Model 44 Stepping 2, GenuineIntel



---------------  S Y S T E M  ---------------

OS: Windows 10.0 , 64 bit Build 18362 (10.0.18362.959)

CPU:total 4 (initial active 4) (4 cores per cpu, 1 threads per core) family 6 model 44 stepping 2, cmov, cx8, fxsr, mmx, sse, sse2, sse3, ssse3, sse4.1, sse4.2, popcnt, aes, clmul, tsc

Memory: 4k page, physical 8385572k(3281096k free), swap 16164456k(8875900k free)

vm_info: Java HotSpot(TM) 64-Bit Server VM (25.231-b11) for windows-amd64 JRE (1.8.0_231-b11), built on Oct  5 2019 03:11:30 by "java_re" with MS VC++ 10.0 (VS2010)

time: Mon Jul 27 09:18:38 2020
timezone: Eastern Daylight Time
elapsed time: 0 seconds (0d 0h 0m 0s)

